2024-01-03 15:23:36.168 [main] DEBUG ktor.application - Java Home: C:\Users\joshu\.jdks
2024-01-03 15:23:36.174 [main] DEBUG ktor.application - Class Loader: jdk.internal.loader.ClassLoaders$AppClassLoader@c387f44: [file:/C:/Users/joshu/ProBroProjects/Tests/Khoded/site/.kobweb/server/server.jar!/ch]
2024-01-03 15:23:36.184 [main] INFO  ktor.application - No ktor.deployment.watch patterns match classpath entries, automatic reload is not active
2024-01-03 15:23:36.252 [main] INFO  ktor.application - API jar found and will be loaded: "build\libs\khoded.jar"
2024-01-03 15:23:36.908 [main] INFO  ktor.application - Loaded and initialized server API jar in 7ms.
2024-01-03 15:23:36.973 [main] INFO  ktor.application - Initializing Kobweb streams.
2024-01-03 15:23:37.095 [main] INFO  ktor.application - Application started in 1.156 seconds.
2024-01-03 15:23:37.576 [main] INFO  ktor.application - Responding at http://127.0.0.1:8080
2024-01-03 15:23:52.360 [eventLoopGroupProxy-4-2] DEBUG ktor.application - Client connected and is requesting kobweb status events.
2024-01-03 15:25:11.693 [eventLoopGroupProxy-4-2] DEBUG ktor.application - Stopped sending kobweb status events, probably because client disconnected or server is shutting down. (ChannelWriteException: Cannot write to a channel)
2024-01-03 15:25:12.621 [eventLoopGroupProxy-4-1] DEBUG ktor.application - Client connected and is requesting kobweb status events.
2024-01-03 15:27:14.727 [eventLoopGroupProxy-4-1] DEBUG ktor.application - Stopped sending kobweb status events, probably because client disconnected or server is shutting down. (ChannelWriteException: Cannot write to a channel)
2024-01-03 15:27:15.717 [eventLoopGroupProxy-4-6] DEBUG ktor.application - Client connected and is requesting kobweb status events.
2024-01-03 15:27:31.642 [eventLoopGroupProxy-4-6] DEBUG ktor.application - Stopped sending kobweb status events, probably because client disconnected or server is shutting down. (ChannelWriteException: Cannot write to a channel)
2024-01-03 15:27:32.719 [eventLoopGroupProxy-4-3] DEBUG ktor.application - Client connected and is requesting kobweb status events.
2024-01-03 15:28:06.642 [eventLoopGroupProxy-4-3] DEBUG ktor.application - Stopped sending kobweb status events, probably because client disconnected or server is shutting down. (ChannelWriteException: Cannot write to a channel)
2024-01-03 15:28:07.527 [eventLoopGroupProxy-4-5] DEBUG ktor.application - Client connected and is requesting kobweb status events.
2024-01-03 15:29:43.793 [eventLoopGroupProxy-4-5] DEBUG ktor.application - Stopped sending kobweb status events, probably because client disconnected or server is shutting down. (ChannelWriteException: Cannot write to a channel)
2024-01-03 15:29:44.638 [eventLoopGroupProxy-4-1] DEBUG ktor.application - Client connected and is requesting kobweb status events.
2024-01-03 15:32:20.663 [eventLoopGroupProxy-4-1] DEBUG ktor.application - Stopped sending kobweb status events, probably because client disconnected or server is shutting down. (ChannelWriteException: Cannot write to a channel)
2024-01-03 15:32:21.249 [eventLoopGroupProxy-4-7] DEBUG ktor.application - Client connected and is requesting kobweb status events.
2024-01-03 15:43:50.022 [eventLoopGroupProxy-4-7] DEBUG ktor.application - Stopped sending kobweb status events, probably because client disconnected or server is shutting down. (ChannelWriteException: Cannot write to a channel)
2024-01-03 15:43:52.149 [eventLoopGroupProxy-4-4] DEBUG ktor.application - Client connected and is requesting kobweb status events.
2024-01-03 15:44:34.396 [eventLoopGroupProxy-4-4] DEBUG ktor.application - Stopped sending kobweb status events, probably because client disconnected or server is shutting down. (ChannelWriteException: Cannot write to a channel)
2024-01-03 15:44:35.576 [eventLoopGroupProxy-4-6] DEBUG ktor.application - Client connected and is requesting kobweb status events.
2024-01-03 15:46:23.533 [eventLoopGroupProxy-4-6] DEBUG ktor.application - Stopped sending kobweb status events, probably because client disconnected or server is shutting down. (ChannelWriteException: Cannot write to a channel)
2024-01-03 15:46:24.477 [eventLoopGroupProxy-4-8] DEBUG ktor.application - Client connected and is requesting kobweb status events.
2024-01-03 15:52:12.486 [eventLoopGroupProxy-4-8] DEBUG ktor.application - Stopped sending kobweb status events, probably because client disconnected or server is shutting down. (ChannelWriteException: Cannot write to a channel)
2024-01-03 15:52:13.349 [eventLoopGroupProxy-4-2] DEBUG ktor.application - Client connected and is requesting kobweb status events.
2024-01-03 15:52:51.840 [eventLoopGroupProxy-4-2] DEBUG ktor.application - Stopped sending kobweb status events, probably because client disconnected or server is shutting down. (ChannelWriteException: Cannot write to a channel)
2024-01-03 15:52:52.793 [eventLoopGroupProxy-4-3] DEBUG ktor.application - Client connected and is requesting kobweb status events.
2024-01-03 15:58:01.533 [eventLoopGroupProxy-4-3] DEBUG ktor.application - Stopped sending kobweb status events, probably because client disconnected or server is shutting down. (ChannelWriteException: Cannot write to a channel)
2024-01-03 15:58:02.548 [eventLoopGroupProxy-4-7] DEBUG ktor.application - Client connected and is requesting kobweb status events.
2024-01-03 15:59:07.303 [eventLoopGroupProxy-4-7] DEBUG ktor.application - Stopped sending kobweb status events, probably because client disconnected or server is shutting down. (ChannelWriteException: Cannot write to a channel)
2024-01-03 15:59:08.124 [eventLoopGroupProxy-4-4] DEBUG ktor.application - Client connected and is requesting kobweb status events.
2024-01-03 16:00:17.630 [eventLoopGroupProxy-4-4] DEBUG ktor.application - Stopped sending kobweb status events, probably because client disconnected or server is shutting down. (ChannelWriteException: Cannot write to a channel)
2024-01-03 16:00:18.564 [eventLoopGroupProxy-4-7] DEBUG ktor.application - Client connected and is requesting kobweb status events.
2024-01-03 16:05:38.175 [eventLoopGroupProxy-4-7] DEBUG ktor.application - Stopped sending kobweb status events, probably because client disconnected or server is shutting down. (ChannelWriteException: Cannot write to a channel)
2024-01-03 16:05:39.238 [eventLoopGroupProxy-4-8] DEBUG ktor.application - Client connected and is requesting kobweb status events.
2024-01-03 16:06:13.659 [eventLoopGroupProxy-4-8] DEBUG ktor.application - Stopped sending kobweb status events, probably because client disconnected or server is shutting down. (ChannelWriteException: Cannot write to a channel)
2024-01-03 16:06:14.582 [eventLoopGroupProxy-4-3] DEBUG ktor.application - Client connected and is requesting kobweb status events.
2024-01-03 16:13:29.221 [eventLoopGroupProxy-4-3] DEBUG ktor.application - Stopped sending kobweb status events, probably because client disconnected or server is shutting down. (ChannelWriteException: Cannot write to a channel)
2024-01-03 16:13:30.188 [eventLoopGroupProxy-4-4] DEBUG ktor.application - Client connected and is requesting kobweb status events.
2024-01-03 16:19:02.210 [eventLoopGroupProxy-4-4] DEBUG ktor.application - Stopped sending kobweb status events, probably because client disconnected or server is shutting down. (ChannelWriteException: Cannot write to a channel)
2024-01-03 16:22:00.519 [eventLoopGroupProxy-4-7] DEBUG ktor.application - Client connected and is requesting kobweb status events.
2024-01-03 16:23:07.696 [eventLoopGroupProxy-4-7] DEBUG ktor.application - Stopped sending kobweb status events, probably because client disconnected or server is shutting down. (ChannelWriteException: Cannot write to a channel)
2024-01-03 16:23:08.623 [eventLoopGroupProxy-4-5] DEBUG ktor.application - Client connected and is requesting kobweb status events.
2024-01-03 16:23:46.623 [eventLoopGroupProxy-4-5] DEBUG ktor.application - Stopped sending kobweb status events, probably because client disconnected or server is shutting down. (ChannelWriteException: Cannot write to a channel)
2024-01-03 16:23:47.550 [eventLoopGroupProxy-4-6] DEBUG ktor.application - Client connected and is requesting kobweb status events.
2024-01-03 16:24:28.190 [eventLoopGroupProxy-4-6] DEBUG ktor.application - Stopped sending kobweb status events, probably because client disconnected or server is shutting down. (ChannelWriteException: Cannot write to a channel)
2024-01-03 16:24:29.053 [eventLoopGroupProxy-4-1] DEBUG ktor.application - Client connected and is requesting kobweb status events.
2024-01-03 16:28:49.745 [eventLoopGroupProxy-4-1] DEBUG ktor.application - Stopped sending kobweb status events, probably because client disconnected or server is shutting down. (ChannelWriteException: Cannot write to a channel)
2024-01-03 16:28:50.768 [eventLoopGroupProxy-4-8] DEBUG ktor.application - Client connected and is requesting kobweb status events.
2024-01-03 16:30:15.571 [eventLoopGroupProxy-4-8] DEBUG ktor.application - Stopped sending kobweb status events, probably because client disconnected or server is shutting down. (ChannelWriteException: Cannot write to a channel)
2024-01-03 16:30:16.869 [eventLoopGroupProxy-4-5] DEBUG ktor.application - Client connected and is requesting kobweb status events.
2024-01-03 16:34:09.539 [eventLoopGroupProxy-4-5] DEBUG ktor.application - Stopped sending kobweb status events, probably because client disconnected or server is shutting down. (ChannelWriteException: Cannot write to a channel)
2024-01-03 16:34:10.512 [eventLoopGroupProxy-4-2] DEBUG ktor.application - Client connected and is requesting kobweb status events.
2024-01-03 16:35:08.075 [eventLoopGroupProxy-4-2] DEBUG ktor.application - Stopped sending kobweb status events, probably because client disconnected or server is shutting down. (ChannelWriteException: Cannot write to a channel)
2024-01-03 16:39:21.888 [eventLoopGroupProxy-4-8] DEBUG ktor.application - Client connected and is requesting kobweb status events.
2024-01-03 16:40:37.933 [eventLoopGroupProxy-4-8] DEBUG ktor.application - Stopped sending kobweb status events, probably because client disconnected or server is shutting down. (ChannelWriteException: Cannot write to a channel)
2024-01-03 16:40:38.470 [eventLoopGroupProxy-4-3] DEBUG ktor.application - Client connected and is requesting kobweb status events.
2024-01-03 16:44:04.412 [eventLoopGroupProxy-4-3] DEBUG ktor.application - Stopped sending kobweb status events, probably because client disconnected or server is shutting down. (ChannelWriteException: Cannot write to a channel)
2024-01-03 16:44:04.949 [eventLoopGroupProxy-4-6] DEBUG ktor.application - Client connected and is requesting kobweb status events.
2024-01-03 16:44:37.779 [eventLoopGroupProxy-4-6] DEBUG ktor.application - Stopped sending kobweb status events, probably because client disconnected or server is shutting down. (ChannelWriteException: Cannot write to a channel)
2024-01-03 16:44:38.276 [eventLoopGroupProxy-4-8] DEBUG ktor.application - Client connected and is requesting kobweb status events.
2024-01-03 16:48:39.715 [eventLoopGroupProxy-4-8] DEBUG ktor.application - Stopped sending kobweb status events, probably because client disconnected or server is shutting down. (ChannelWriteException: Cannot write to a channel)
2024-01-03 16:48:40.602 [eventLoopGroupProxy-4-7] DEBUG ktor.application - Client connected and is requesting kobweb status events.
2024-01-03 16:49:41.819 [eventLoopGroupProxy-4-7] DEBUG ktor.application - Stopped sending kobweb status events, probably because client disconnected or server is shutting down. (ChannelWriteException: Cannot write to a channel)
2024-01-03 16:49:42.699 [eventLoopGroupProxy-4-4] DEBUG ktor.application - Client connected and is requesting kobweb status events.
2024-01-03 16:50:30.155 [eventLoopGroupProxy-4-4] DEBUG ktor.application - Stopped sending kobweb status events, probably because client disconnected or server is shutting down. (ChannelWriteException: Cannot write to a channel)
2024-01-03 16:50:31.027 [eventLoopGroupProxy-4-2] DEBUG ktor.application - Client connected and is requesting kobweb status events.
2024-01-03 16:51:10.606 [kotlinx.coroutines.DefaultExecutor] INFO  ktor.application - Kobweb server shutting down...
2024-01-03 16:51:13.011 [kotlinx.coroutines.DefaultExecutor] INFO  ktor.application - Server finished shutting down.
